Job started on c133.mgmt.hellbender at Wed Feb  5 11:21:54 CST 2025
SLURM Job ID: 6622970
SLURM Job Name: qc_check_denoised_SRP166333
Conda environment: scanpy
TypeError: float() argument must be a string or a number, not 'csr_matrix'

The above exception was the direct cause of the following exception:

Traceback (most recent call last):
  File "/cluster/pixstor/home/sah2p/ondemand/projects/ScCheck/03_QCheck/qc_check.py", line 74, in <module>
    quality_check(adata, args.method, args.dataset)
  File "/cluster/pixstor/home/sah2p/ondemand/projects/ScCheck/03_QCheck/qc_check.py", line 30, in quality_check
    "Standard Deviation": np.std(denoised_data),
  File "<__array_function__ internals>", line 5, in std
  File "/home/sah2p/ondemand/tools/miniconda3/envs/scanpy/lib/python3.9/site-packages/numpy/core/fromnumeric.py", line 3496, in std
    return _methods._std(a, axis=axis, dtype=dtype, out=out, ddof=ddof,
  File "/home/sah2p/ondemand/tools/miniconda3/envs/scanpy/lib/python3.9/site-packages/numpy/core/_methods.py", line 233, in _std
    ret = _var(a, axis=axis, dtype=dtype, out=out, ddof=ddof,
  File "/home/sah2p/ondemand/tools/miniconda3/envs/scanpy/lib/python3.9/site-packages/numpy/core/_methods.py", line 197, in _var
    arrmean = arrmean.dtype.type(arrmean / rcount)
ValueError: setting an array element with a sequence.
Job completed at Wed Feb  5 11:22:14 CST 2025
